[2025-10-24 01:55:30] Created Avtomat: model=AK-Example | Barrel[7.62x39mm, 41.0 cm] | Magazine[10/30] | sight=Sight[iron, x1,0] | mode=SAFE | safety=true | jammed=false
[2025-10-24 01:55:30] === DEMO START ===
[2025-10-24 01:55:30] Safety toggled. Now safetyOn=false
[2025-10-24 01:55:30] Fire mode changed to SEMI
[2025-10-24 01:55:30] Trigger pulled. Mode: SEMI
[2025-10-24 01:55:30] Attempt to fire one. Safety: false, Jammed: false, Mode: SEMI
[2025-10-24 01:55:30] Fired one round. Remaining: 9
[2025-10-24 01:55:30] Fire mode changed to AUTO
[2025-10-24 01:55:30] Trigger pulled. Mode: AUTO
[2025-10-24 01:55:30] Attempt to fire burst of 10 shots. Mode: AUTO
[2025-10-24 01:55:30] Burst shot #1. Remaining: 8
[2025-10-24 01:55:30] Burst shot #2. Remaining: 7
[2025-10-24 01:55:30] Weapon jammed during burst at shot #2
[2025-10-24 01:55:30] Manual jam invoked.
[2025-10-24 01:55:30] Trigger pulled. Mode: AUTO
[2025-10-24 01:55:30] Attempt to fire burst of 10 shots. Mode: AUTO
[2025-10-24 01:55:30] Cannot fire burst: weapon jammed.
[2025-10-24 01:55:30] Jam cleared.
[2025-10-24 01:55:30] Reloading. Old: Magazine[7/30], New: Magazine[30/30]
[2025-10-24 01:55:30] Reloaded. Current: Magazine[30/30]
[2025-10-24 01:55:30] Fire mode changed to BURST
[2025-10-24 01:55:30] Trigger pulled. Mode: BURST
[2025-10-24 01:55:30] Attempt to fire burst of 3 shots. Mode: BURST
[2025-10-24 01:55:30] Burst shot #1. Remaining: 29
[2025-10-24 01:55:30] Burst shot #2. Remaining: 28
[2025-10-24 01:55:30] Burst shot #3. Remaining: 27
[2025-10-24 01:55:30] Aiming. Estimated accuracy: 55,5%
[2025-10-24 01:55:30] Changing barrel. Old: Barrel[7.62x39mm, 41.0 cm], New: Barrel[7.62x39mm, 45.0 cm]
[2025-10-24 01:55:30] Detached sight: Sight[iron, x1,0]
[2025-10-24 01:55:30] Unloading magazine. Before: Magazine[27/30]
[2025-10-24 01:55:30] Magazine now: Magazine[0/30]
[2025-10-24 01:55:30] === DEMO END ===[2025-10-29 22:27:26] Created Avtomat: model=AK-Example | Barrel[7.62x39mm, 41.0 cm] | Magazine[10/30] | sight=Sight[iron, x1,0] | mode=SAFE | safety=true | jammed=false
[2025-10-29 22:27:26] === DEMO START ===
[2025-10-29 22:27:26] Safety toggled. Now safetyOn=false
[2025-10-29 22:27:26] Fire mode changed to SEMI
[2025-10-29 22:27:26] Trigger pulled. Mode: SEMI
[2025-10-29 22:27:26] Attempt to fire one. Safety: false, Jammed: false, Mode: SEMI
[2025-10-29 22:27:26] Fired one round. Remaining: 9
[2025-10-29 22:27:26] Fire mode changed to AUTO
[2025-10-29 22:27:26] Trigger pulled. Mode: AUTO
[2025-10-29 22:27:26] Attempt to fire burst of 10 shots. Mode: AUTO
[2025-10-29 22:27:26] Burst shot #1. Remaining: 8
[2025-10-29 22:27:26] Burst shot #2. Remaining: 7
[2025-10-29 22:27:26] Burst shot #3. Remaining: 6
[2025-10-29 22:27:26] Burst shot #4. Remaining: 5
[2025-10-29 22:27:26] Burst shot #5. Remaining: 4
[2025-10-29 22:27:26] Burst shot #6. Remaining: 3
[2025-10-29 22:27:26] Burst shot #7. Remaining: 2
[2025-10-29 22:27:26] Burst shot #8. Remaining: 1
[2025-10-29 22:27:26] Burst shot #9. Remaining: 0
[2025-10-29 22:27:26] Weapon jammed during burst at shot #9
[2025-10-29 22:27:26] Manual jam invoked.
[2025-10-29 22:27:26] Trigger pulled. Mode: AUTO
[2025-10-29 22:27:26] Attempt to fire burst of 10 shots. Mode: AUTO
[2025-10-29 22:27:26] Cannot fire burst: weapon jammed.
[2025-10-29 22:27:26] Jam cleared.
[2025-10-29 22:27:26] Reloading. Old: Magazine[0/30], New: Magazine[30/30]
[2025-10-29 22:27:26] Reloaded. Current: Magazine[30/30]
[2025-10-29 22:27:26] Fire mode changed to BURST
[2025-10-29 22:27:26] Trigger pulled. Mode: BURST
[2025-10-29 22:27:26] Attempt to fire burst of 3 shots. Mode: BURST
[2025-10-29 22:27:26] Burst shot #1. Remaining: 29
[2025-10-29 22:27:26] Burst shot #2. Remaining: 28
[2025-10-29 22:27:26] Burst shot #3. Remaining: 27
[2025-10-29 22:27:26] Aiming. Estimated accuracy: 55,5%
[2025-10-29 22:27:26] Changing barrel. Old: Barrel[7.62x39mm, 41.0 cm], New: Barrel[7.62x39mm, 45.0 cm]
[2025-10-29 22:27:26] Detached sight: Sight[iron, x1,0]
[2025-10-29 22:27:26] Unloading magazine. Before: Magazine[27/30]
[2025-10-29 22:27:26] Magazine now: Magazine[0/30]
[2025-10-29 22:27:26] === DEMO END ===
[2025-10-29 22:30:07] Created Avtomat: model=AK-Example | Barrel[7.62x39mm, 41.0 cm] | Magazine[10/30] | sight=Sight[iron, x1,0] | mode=SAFE | safety=true | jammed=false
[2025-10-29 22:30:07] === DEMO START ===
[2025-10-29 22:30:07] Safety toggled. Now safetyOn=false
[2025-10-29 22:30:07] Fire mode changed to SEMI
[2025-10-29 22:30:07] Trigger pulled. Mode: SEMI
[2025-10-29 22:30:07] Attempt to fire one. Safety: false, Jammed: false, Mode: SEMI
[2025-10-29 22:30:07] Fired one round. Remaining: 9
[2025-10-29 22:30:07] Fire mode changed to AUTO
[2025-10-29 22:30:07] Trigger pulled. Mode: AUTO
[2025-10-29 22:30:07] Attempt to fire burst of 10 shots. Mode: AUTO
[2025-10-29 22:30:07] Burst shot #1. Remaining: 8
[2025-10-29 22:30:07] Burst shot #2. Remaining: 7
[2025-10-29 22:30:07] Burst shot #3. Remaining: 6
[2025-10-29 22:30:07] Burst shot #4. Remaining: 5
[2025-10-29 22:30:07] Burst shot #5. Remaining: 4
[2025-10-29 22:30:07] Burst shot #6. Remaining: 3
[2025-10-29 22:30:07] Burst shot #7. Remaining: 2
[2025-10-29 22:30:07] Burst shot #8. Remaining: 1
[2025-10-29 22:30:07] Burst shot #9. Remaining: 0
[2025-10-29 22:30:07] Burst stopped — no more ammo.
[2025-10-29 22:30:07] Manual jam invoked.
[2025-10-29 22:30:07] Trigger pulled. Mode: AUTO
[2025-10-29 22:30:07] Attempt to fire burst of 10 shots. Mode: AUTO
[2025-10-29 22:30:07] Cannot fire burst: weapon jammed.
[2025-10-29 22:30:07] Jam cleared.
[2025-10-29 22:30:07] Reloading. Old: Magazine[0/30], New: Magazine[30/30]
[2025-10-29 22:30:07] Reloaded. Current: Magazine[30/30]
[2025-10-29 22:30:07] Fire mode changed to BURST
[2025-10-29 22:30:07] Trigger pulled. Mode: BURST
[2025-10-29 22:30:07] Attempt to fire burst of 3 shots. Mode: BURST
[2025-10-29 22:30:07] Burst shot #1. Remaining: 29
[2025-10-29 22:30:07] Burst shot #2. Remaining: 28
[2025-10-29 22:30:07] Burst shot #3. Remaining: 27
[2025-10-29 22:30:07] Aiming. Estimated accuracy: 55,5%
[2025-10-29 22:30:07] Changing barrel. Old: Barrel[7.62x39mm, 41.0 cm], New: Barrel[7.62x39mm, 45.0 cm]
[2025-10-29 22:30:07] Detached sight: Sight[iron, x1,0]
[2025-10-29 22:30:07] Unloading magazine. Before: Magazine[27/30]
[2025-10-29 22:30:07] Magazine now: Magazine[0/30]
[2025-10-29 22:30:07] === DEMO END ===
[2025-10-29 22:35:08] Created Avtomat: model=AK-Example | Barrel[7.62x39mm, 41.0 cm] | Magazine[10/30] | sight=Sight[iron, x1,0] | mode=SAFE | safety=true | jammed=false
[2025-10-29 22:35:08] === DEMO START ===
[2025-10-29 22:35:08] Safety toggled. Now safetyOn=false
[2025-10-29 22:35:08] Fire mode changed to SEMI
[2025-10-29 22:35:08] Trigger pulled. Mode: SEMI
[2025-10-29 22:35:08] Attempt to fire one. Safety: false, Jammed: false, Mode: SEMI
[2025-10-29 22:35:08] Fired one round. Remaining: 9
[2025-10-29 22:35:08] Fire mode changed to AUTO
[2025-10-29 22:35:08] Trigger pulled. Mode: AUTO
[2025-10-29 22:35:08] Attempt to fire burst of 10 shots. Mode: AUTO
[2025-10-29 22:35:08] Burst shot #1. Remaining: 8
[2025-10-29 22:35:08] Burst shot #2. Remaining: 7
[2025-10-29 22:35:08] Burst shot #3. Remaining: 6
[2025-10-29 22:35:08] Burst shot #4. Remaining: 5
[2025-10-29 22:35:08] Burst shot #5. Remaining: 4
[2025-10-29 22:35:08] Burst shot #6. Remaining: 3
[2025-10-29 22:35:08] Burst shot #7. Remaining: 2
[2025-10-29 22:35:08] Burst shot #8. Remaining: 1
[2025-10-29 22:35:08] Burst shot #9. Remaining: 0
[2025-10-29 22:35:08] Burst stopped — no more ammo.
[2025-10-29 22:35:08] Manual jam invoked.
[2025-10-29 22:35:08] Trigger pulled. Mode: AUTO
[2025-10-29 22:35:08] Attempt to fire burst of 10 shots. Mode: AUTO
[2025-10-29 22:35:08] Cannot fire burst: weapon jammed.
[2025-10-29 22:35:08] Jam cleared.
[2025-10-29 22:35:08] Reloading. Old: Magazine[0/30], New: Magazine[30/30]
[2025-10-29 22:35:08] Reloaded. Current: Magazine[30/30]
[2025-10-29 22:35:08] Fire mode changed to BURST
[2025-10-29 22:35:08] Trigger pulled. Mode: BURST
[2025-10-29 22:35:08] Attempt to fire burst of 3 shots. Mode: BURST
[2025-10-29 22:35:08] Burst shot #1. Remaining: 29
[2025-10-29 22:35:08] Burst shot #2. Remaining: 28
[2025-10-29 22:35:08] Burst shot #3. Remaining: 27
[2025-10-29 22:35:08] Aiming. Estimated accuracy: 55,5%
[2025-10-29 22:35:08] Changing barrel. Old: Barrel[7.62x39mm, 41.0 cm], New: Barrel[7.62x39mm, 45.0 cm]
[2025-10-29 22:35:08] Detached sight: Sight[iron, x1,0]
[2025-10-29 22:35:08] Unloading magazine. Before: Magazine[27/30]
[2025-10-29 22:35:08] Magazine now: Magazine[0/30]
[2025-10-29 22:35:08] === DEMO END ===
